<?xml version="1.0" ?>
<!DOCTYPE coverage SYSTEM "http://cobertura.sourceforge.net/xml/coverage-04.dtd">
<coverage lines-valid="62"  lines-covered="62"  line-rate="1"  branches-valid="18"  branches-covered="16"  branch-rate="0.8889"  timestamp="1374539381273" complexity="0" version="0.1">
<sources>
	<source>/Users/stevearmstrong/Sites/ideas/javascript/backbonemaps</source>
</sources>
<packages>
	<package name="src"  line-rate="1"  branch-rate="0.8889" >
	<classes>
		<class name="backbone.map.js"  filename="src/backbone.map.js"  line-rate="1"  branch-rate="0.875" >
		<methods>
			<method name="(anonymous_1)"  hits="1"  signature="()V" >
				<lines><line number="1"  hits="1" /></lines>
			</method>
			<method name="(anonymous_2)"  hits="11"  signature="()V" >
				<lines><line number="5"  hits="11" /></lines>
			</method>
			<method name="(anonymous_3)"  hits="171"  signature="()V" >
				<lines><line number="29"  hits="171" /></lines>
			</method>
			<method name="(anonymous_4)"  hits="171"  signature="()V" >
				<lines><line number="36"  hits="171" /></lines>
			</method>
			<method name="(anonymous_5)"  hits="2"  signature="()V" >
				<lines><line number="42"  hits="2" /></lines>
			</method>
			<method name="(anonymous_6)"  hits="1"  signature="()V" >
				<lines><line number="100"  hits="1" /></lines>
			</method>
			<method name="(anonymous_7)"  hits="169"  signature="()V" >
				<lines><line number="106"  hits="169" /></lines>
			</method>
			<method name="(anonymous_8)"  hits="1"  signature="()V" >
				<lines><line number="112"  hits="1" /></lines>
			</method>
			<method name="(anonymous_9)"  hits="1"  signature="()V" >
				<lines><line number="122"  hits="1" /></lines>
			</method>
			<method name="(anonymous_10)"  hits="2"  signature="()V" >
				<lines><line number="130"  hits="2" /></lines>
			</method>
		</methods>
		<lines>
			<line number="1"  hits="1"  branch="false" />
			<line number="5"  hits="1"  branch="false" />
			<line number="7"  hits="11"  branch="true"  condition-coverage="100% (2/2)" />
			<line number="9"  hits="11"  branch="true"  condition-coverage="100% (2/2)" />
			<line number="11"  hits="1"  branch="false" />
			<line number="15"  hits="10"  branch="true"  condition-coverage="100% (2/2)" />
			<line number="17"  hits="1"  branch="false" />
			<line number="21"  hits="9"  branch="false" />
			<line number="23"  hits="9"  branch="true"  condition-coverage="50% (1/2)" />
			<line number="25"  hits="9"  branch="false" />
			<line number="29"  hits="9"  branch="false" />
			<line number="31"  hits="171"  branch="false" />
			<line number="36"  hits="9"  branch="false" />
			<line number="38"  hits="171"  branch="false" />
			<line number="42"  hits="9"  branch="false" />
			<line number="44"  hits="2"  branch="false" />
			<line number="48"  hits="9"  branch="false" />
			<line number="50"  hits="168"  branch="false" />
			<line number="52"  hits="168"  branch="false" />
			<line number="58"  hits="1"  branch="false" />
			<line number="102"  hits="1"  branch="false" />
			<line number="108"  hits="169"  branch="false" />
			<line number="110"  hits="169"  branch="false" />
			<line number="112"  hits="169"  branch="false" />
			<line number="114"  hits="1"  branch="false" />
			<line number="116"  hits="1"  branch="false" />
			<line number="124"  hits="1"  branch="false" />
			<line number="126"  hits="1"  branch="false" />
			<line number="132"  hits="2"  branch="false" />
			<line number="134"  hits="2"  branch="false" />
			<line number="136"  hits="2"  branch="false" />
			<line number="143"  hits="1"  branch="false" />
		</lines>
		</class>
		<class name="backbone.marker.js"  filename="src/backbone.marker.js"  line-rate="1"  branch-rate="0.9" >
		<methods>
			<method name="(anonymous_1)"  hits="1"  signature="()V" >
				<lines><line number="1"  hits="1" /></lines>
			</method>
			<method name="(anonymous_2)"  hits="9"  signature="()V" >
				<lines><line number="5"  hits="9" /></lines>
			</method>
			<method name="(anonymous_3)"  hits="134"  signature="()V" >
				<lines><line number="35"  hits="134" /></lines>
			</method>
			<method name="(anonymous_4)"  hits="133"  signature="()V" >
				<lines><line number="41"  hits="133" /></lines>
			</method>
			<method name="(anonymous_5)"  hits="132"  signature="()V" >
				<lines><line number="112"  hits="132" /></lines>
			</method>
			<method name="(anonymous_6)"  hits="1"  signature="()V" >
				<lines><line number="118"  hits="1" /></lines>
			</method>
			<method name="(anonymous_7)"  hits="1"  signature="()V" >
				<lines><line number="128"  hits="1" /></lines>
			</method>
		</methods>
		<lines>
			<line number="1"  hits="1"  branch="false" />
			<line number="3"  hits="1"  branch="false" />
			<line number="5"  hits="1"  branch="false" />
			<line number="7"  hits="9"  branch="true"  condition-coverage="100% (2/2)" />
			<line number="9"  hits="9"  branch="true"  condition-coverage="100% (2/2)" />
			<line number="11"  hits="1"  branch="false" />
			<line number="15"  hits="8"  branch="true"  condition-coverage="100% (2/2)" />
			<line number="17"  hits="1"  branch="false" />
			<line number="21"  hits="7"  branch="true"  condition-coverage="100% (2/2)" />
			<line number="23"  hits="1"  branch="false" />
			<line number="27"  hits="6"  branch="false" />
			<line number="29"  hits="6"  branch="true"  condition-coverage="50% (1/2)" />
			<line number="31"  hits="6"  branch="false" />
			<line number="35"  hits="6"  branch="false" />
			<line number="37"  hits="134"  branch="false" />
			<line number="41"  hits="6"  branch="false" />
			<line number="43"  hits="133"  branch="false" />
			<line number="47"  hits="6"  branch="false" />
			<line number="50"  hits="6"  branch="false" />
			<line number="52"  hits="132"  branch="false" />
			<line number="54"  hits="132"  branch="false" />
			<line number="62"  hits="1"  branch="false" />
			<line number="114"  hits="132"  branch="false" />
			<line number="116"  hits="132"  branch="false" />
			<line number="118"  hits="132"  branch="false" />
			<line number="120"  hits="1"  branch="false" />
			<line number="122"  hits="1"  branch="false" />
			<line number="130"  hits="1"  branch="false" />
			<line number="132"  hits="1"  branch="false" />
			<line number="138"  hits="1"  branch="false" />
		</lines>
		</class>
	</classes>
	</package>
</packages>
</coverage>
