{"src/backbone.map.js":{"path":"src/backbone.map.js","s":{"1":1,"2":1,"3":11,"4":11,"5":1,"6":10,"7":1,"8":9,"9":9,"10":9,"11":9,"12":171,"13":9,"14":171,"15":9,"16":2,"17":9,"18":168,"19":168,"20":1,"21":1,"22":169,"23":169,"24":169,"25":1,"26":1,"27":1,"28":1,"29":2,"30":2,"31":2,"32":1},"b":{"1":[11,1],"2":[1,10],"3":[1,9],"4":[9,0]},"f":{"1":1,"2":11,"3":171,"4":171,"5":2,"6":1,"7":169,"8":1,"9":1,"10":2},"fnMap":{"1":{"name":"(anonymous_1)","line":1,"loc":{"start":{"line":1,"column":1},"end":{"line":1,"column":23}}},"2":{"name":"(anonymous_2)","line":5,"loc":{"start":{"line":5,"column":12},"end":{"line":5,"column":27}}},"3":{"name":"(anonymous_3)","line":29,"loc":{"start":{"line":29,"column":18},"end":{"line":29,"column":29}}},"4":{"name":"(anonymous_4)","line":36,"loc":{"start":{"line":36,"column":22},"end":{"line":36,"column":33}}},"5":{"name":"(anonymous_5)","line":42,"loc":{"start":{"line":42,"column":26},"end":{"line":42,"column":37}}},"6":{"name":"(anonymous_6)","line":100,"loc":{"start":{"line":100,"column":19},"end":{"line":100,"column":39}}},"7":{"name":"(anonymous_7)","line":106,"loc":{"start":{"line":106,"column":18},"end":{"line":106,"column":34}}},"8":{"name":"(anonymous_8)","line":112,"loc":{"start":{"line":112,"column":71},"end":{"line":112,"column":83}}},"9":{"name":"(anonymous_9)","line":122,"loc":{"start":{"line":122,"column":19},"end":{"line":122,"column":35}}},"10":{"name":"(anonymous_10)","line":130,"loc":{"start":{"line":130,"column":16},"end":{"line":130,"column":41}}}},"statementMap":{"1":{"start":{"line":1,"column":0},"end":{"line":145,"column":17}},"2":{"start":{"line":5,"column":2},"end":{"line":56,"column":4}},"3":{"start":{"line":7,"column":4},"end":{"line":7,"column":29}},"4":{"start":{"line":9,"column":4},"end":{"line":13,"column":5}},"5":{"start":{"line":11,"column":8},"end":{"line":11,"column":49}},"6":{"start":{"line":15,"column":4},"end":{"line":19,"column":5}},"7":{"start":{"line":17,"column":6},"end":{"line":17,"column":36}},"8":{"start":{"line":21,"column":4},"end":{"line":21,"column":16}},"9":{"start":{"line":23,"column":4},"end":{"line":27,"column":5}},"10":{"start":{"line":25,"column":6},"end":{"line":25,"column":23}},"11":{"start":{"line":29,"column":4},"end":{"line":34,"column":6}},"12":{"start":{"line":31,"column":8},"end":{"line":31,"column":27}},"13":{"start":{"line":36,"column":4},"end":{"line":40,"column":6}},"14":{"start":{"line":38,"column":7},"end":{"line":38,"column":22}},"15":{"start":{"line":42,"column":4},"end":{"line":46,"column":6}},"16":{"start":{"line":44,"column":6},"end":{"line":44,"column":29}},"17":{"start":{"line":48,"column":4},"end":{"line":54,"column":5}},"18":{"start":{"line":50,"column":8},"end":{"line":50,"column":41}},"19":{"start":{"line":52,"column":8},"end":{"line":52,"column":32}},"20":{"start":{"line":58,"column":2},"end":{"line":141,"column":5}},"21":{"start":{"line":102,"column":6},"end":{"line":102,"column":37}},"22":{"start":{"line":108,"column":6},"end":{"line":108,"column":25}},"23":{"start":{"line":110,"column":6},"end":{"line":110,"column":40}},"24":{"start":{"line":112,"column":6},"end":{"line":118,"column":9}},"25":{"start":{"line":114,"column":8},"end":{"line":114,"column":40}},"26":{"start":{"line":116,"column":8},"end":{"line":116,"column":42}},"27":{"start":{"line":124,"column":6},"end":{"line":124,"column":40}},"28":{"start":{"line":126,"column":6},"end":{"line":126,"column":66}},"29":{"start":{"line":132,"column":6},"end":{"line":132,"column":115}},"30":{"start":{"line":134,"column":6},"end":{"line":134,"column":58}},"31":{"start":{"line":136,"column":6},"end":{"line":136,"column":24}},"32":{"start":{"line":143,"column":2},"end":{"line":143,"column":21}}},"branchMap":{"1":{"line":7,"type":"binary-expr","locations":[{"start":{"line":7,"column":18},"end":{"line":7,"column":22}},{"start":{"line":7,"column":26},"end":{"line":7,"column":28}}]},"2":{"line":9,"type":"if","locations":[{"start":{"line":9,"column":4},"end":{"line":9,"column":4}},{"start":{"line":9,"column":4},"end":{"line":9,"column":4}}]},"3":{"line":15,"type":"if","locations":[{"start":{"line":15,"column":4},"end":{"line":15,"column":4}},{"start":{"line":15,"column":4},"end":{"line":15,"column":4}}]},"4":{"line":23,"type":"if","locations":[{"start":{"line":23,"column":4},"end":{"line":23,"column":4}},{"start":{"line":23,"column":4},"end":{"line":23,"column":4}}]}}},"src/backbone.marker.js":{"path":"src/backbone.marker.js","s":{"1":1,"2":1,"3":1,"4":9,"5":9,"6":1,"7":8,"8":1,"9":7,"10":1,"11":6,"12":6,"13":6,"14":6,"15":134,"16":6,"17":133,"18":6,"19":6,"20":132,"21":132,"22":1,"23":132,"24":132,"25":132,"26":1,"27":1,"28":1,"29":1,"30":1},"b":{"1":[9,1],"2":[1,8],"3":[1,7],"4":[1,6],"5":[6,0]},"f":{"1":1,"2":9,"3":134,"4":133,"5":132,"6":1,"7":1},"fnMap":{"1":{"name":"(anonymous_1)","line":1,"loc":{"start":{"line":1,"column":1},"end":{"line":1,"column":23}}},"2":{"name":"(anonymous_2)","line":5,"loc":{"start":{"line":5,"column":11},"end":{"line":5,"column":26}}},"3":{"name":"(anonymous_3)","line":35,"loc":{"start":{"line":35,"column":21},"end":{"line":35,"column":32}}},"4":{"name":"(anonymous_4)","line":41,"loc":{"start":{"line":41,"column":22},"end":{"line":41,"column":33}}},"5":{"name":"(anonymous_5)","line":112,"loc":{"start":{"line":112,"column":18},"end":{"line":112,"column":34}}},"6":{"name":"(anonymous_6)","line":118,"loc":{"start":{"line":118,"column":74},"end":{"line":118,"column":86}}},"7":{"name":"(anonymous_7)","line":128,"loc":{"start":{"line":128,"column":19},"end":{"line":128,"column":35}}}},"statementMap":{"1":{"start":{"line":1,"column":0},"end":{"line":141,"column":17}},"2":{"start":{"line":3,"column":2},"end":{"line":3,"column":13}},"3":{"start":{"line":5,"column":2},"end":{"line":58,"column":4}},"4":{"start":{"line":7,"column":4},"end":{"line":7,"column":29}},"5":{"start":{"line":9,"column":4},"end":{"line":13,"column":5}},"6":{"start":{"line":11,"column":6},"end":{"line":11,"column":80}},"7":{"start":{"line":15,"column":4},"end":{"line":19,"column":5}},"8":{"start":{"line":17,"column":6},"end":{"line":17,"column":54}},"9":{"start":{"line":21,"column":4},"end":{"line":25,"column":5}},"10":{"start":{"line":23,"column":6},"end":{"line":23,"column":36}},"11":{"start":{"line":27,"column":4},"end":{"line":27,"column":16}},"12":{"start":{"line":29,"column":4},"end":{"line":33,"column":5}},"13":{"start":{"line":31,"column":6},"end":{"line":31,"column":23}},"14":{"start":{"line":35,"column":4},"end":{"line":39,"column":6}},"15":{"start":{"line":37,"column":6},"end":{"line":37,"column":28}},"16":{"start":{"line":41,"column":4},"end":{"line":45,"column":6}},"17":{"start":{"line":43,"column":6},"end":{"line":43,"column":21}},"18":{"start":{"line":47,"column":4},"end":{"line":47,"column":31}},"19":{"start":{"line":50,"column":4},"end":{"line":56,"column":5}},"20":{"start":{"line":52,"column":8},"end":{"line":52,"column":44}},"21":{"start":{"line":54,"column":8},"end":{"line":54,"column":32}},"22":{"start":{"line":62,"column":2},"end":{"line":136,"column":5}},"23":{"start":{"line":114,"column":6},"end":{"line":114,"column":28}},"24":{"start":{"line":116,"column":6},"end":{"line":116,"column":46}},"25":{"start":{"line":118,"column":6},"end":{"line":124,"column":9}},"26":{"start":{"line":120,"column":8},"end":{"line":120,"column":43}},"27":{"start":{"line":122,"column":8},"end":{"line":122,"column":45}},"28":{"start":{"line":130,"column":6},"end":{"line":130,"column":46}},"29":{"start":{"line":132,"column":6},"end":{"line":132,"column":69}},"30":{"start":{"line":138,"column":2},"end":{"line":138,"column":30}}},"branchMap":{"1":{"line":7,"type":"binary-expr","locations":[{"start":{"line":7,"column":18},"end":{"line":7,"column":22}},{"start":{"line":7,"column":26},"end":{"line":7,"column":28}}]},"2":{"line":9,"type":"if","locations":[{"start":{"line":9,"column":4},"end":{"line":9,"column":4}},{"start":{"line":9,"column":4},"end":{"line":9,"column":4}}]},"3":{"line":15,"type":"if","locations":[{"start":{"line":15,"column":4},"end":{"line":15,"column":4}},{"start":{"line":15,"column":4},"end":{"line":15,"column":4}}]},"4":{"line":21,"type":"if","locations":[{"start":{"line":21,"column":4},"end":{"line":21,"column":4}},{"start":{"line":21,"column":4},"end":{"line":21,"column":4}}]},"5":{"line":29,"type":"if","locations":[{"start":{"line":29,"column":4},"end":{"line":29,"column":4}},{"start":{"line":29,"column":4},"end":{"line":29,"column":4}}]}}}}